10-Jun-2019 15:44:33.457 INFO [main] org.apache.catalina.startup.VersionLoggerListener.log Server version name:   Apache Tomcat/9.0.20
10-Jun-2019 15:44:33.467 INFO [main] org.apache.catalina.startup.VersionLoggerListener.log Server built:          May 3 2019 22:26:00 UTC
10-Jun-2019 15:44:33.468 INFO [main] org.apache.catalina.startup.VersionLoggerListener.log Server version number: 9.0.20.0
10-Jun-2019 15:44:33.468 INFO [main] org.apache.catalina.startup.VersionLoggerListener.log OS Name:               Mac OS X
10-Jun-2019 15:44:33.468 INFO [main] org.apache.catalina.startup.VersionLoggerListener.log OS Version:            10.13.6
10-Jun-2019 15:44:33.468 INFO [main] org.apache.catalina.startup.VersionLoggerListener.log Architecture:          x86_64
10-Jun-2019 15:44:33.468 INFO [main] org.apache.catalina.startup.VersionLoggerListener.log Java Home:             /Library/Java/JavaVirtualMachines/jdk1.8.0_77.jdk/Contents/Home/jre
10-Jun-2019 15:44:33.468 INFO [main] org.apache.catalina.startup.VersionLoggerListener.log JVM Version:           1.8.0_77-b03
10-Jun-2019 15:44:33.468 INFO [main] org.apache.catalina.startup.VersionLoggerListener.log JVM Vendor:            Oracle Corporation
10-Jun-2019 15:44:33.468 INFO [main] org.apache.catalina.startup.VersionLoggerListener.log CATALINA_BASE:         /Users/gowtham-5630/Downloads/apache-tomcat-9.0.20
10-Jun-2019 15:44:33.468 INFO [main] org.apache.catalina.startup.VersionLoggerListener.log CATALINA_HOME:         /Users/gowtham-5630/Downloads/apache-tomcat-9.0.20
10-Jun-2019 15:44:33.488 INFO [main] org.apache.catalina.startup.VersionLoggerListener.log Command line argument: -Djava.util.logging.config.file=/Users/gowtham-5630/Downloads/apache-tomcat-9.0.20/conf/logging.properties
10-Jun-2019 15:44:33.489 INFO [main] org.apache.catalina.startup.VersionLoggerListener.log Command line argument: -Djava.util.logging.manager=org.apache.juli.ClassLoaderLogManager
10-Jun-2019 15:44:33.489 INFO [main] org.apache.catalina.startup.VersionLoggerListener.log Command line argument: -Djdk.tls.ephemeralDHKeySize=2048
10-Jun-2019 15:44:33.489 INFO [main] org.apache.catalina.startup.VersionLoggerListener.log Command line argument: -Djava.protocol.handler.pkgs=org.apache.catalina.webresources
10-Jun-2019 15:44:33.489 INFO [main] org.apache.catalina.startup.VersionLoggerListener.log Command line argument: -Dorg.apache.catalina.security.SecurityListener.UMASK=0027
10-Jun-2019 15:44:33.489 INFO [main] org.apache.catalina.startup.VersionLoggerListener.log Command line argument: -Dignore.endorsed.dirs=
10-Jun-2019 15:44:33.489 INFO [main] org.apache.catalina.startup.VersionLoggerListener.log Command line argument: -Dcatalina.base=/Users/gowtham-5630/Downloads/apache-tomcat-9.0.20
10-Jun-2019 15:44:33.489 INFO [main] org.apache.catalina.startup.VersionLoggerListener.log Command line argument: -Dcatalina.home=/Users/gowtham-5630/Downloads/apache-tomcat-9.0.20
10-Jun-2019 15:44:33.489 INFO [main] org.apache.catalina.startup.VersionLoggerListener.log Command line argument: -Djava.io.tmpdir=/Users/gowtham-5630/Downloads/apache-tomcat-9.0.20/temp
10-Jun-2019 15:44:33.489 INFO [main] org.apache.catalina.core.AprLifecycleListener.lifecycleEvent The APR based Apache Tomcat Native library which allows optimal performance in production environments was not found on the java.library.path: [/Users/gowtham-5630/Library/Java/Extensions:/Library/Java/Extensions:/Network/Library/Java/Extensions:/System/Library/Java/Extensions:/usr/lib/java:.]
10-Jun-2019 15:44:33.868 INFO [main] org.apache.coyote.AbstractProtocol.init Initializing ProtocolHandler ["http-nio-8080"]
10-Jun-2019 15:44:33.906 INFO [main] org.apache.coyote.AbstractProtocol.init Initializing ProtocolHandler ["ajp-nio-8009"]
10-Jun-2019 15:44:33.907 INFO [main] org.apache.catalina.startup.Catalina.load Server initialization in [617] milliseconds
10-Jun-2019 15:44:33.937 INFO [main] org.apache.catalina.core.StandardService.startInternal Starting service [Catalina]
10-Jun-2019 15:44:33.937 INFO [main] org.apache.catalina.core.StandardEngine.startInternal Starting Servlet engine: [Apache Tomcat/9.0.20]
10-Jun-2019 15:44:33.943 INFO [main] org.apache.catalina.startup.HostConfig.deployDirectory Deploying web application directory [/Users/gowtham-5630/Downloads/apache-tomcat-9.0.20/webapps/docs]
10-Jun-2019 15:44:34.155 INFO [main] org.apache.catalina.startup.HostConfig.deployDirectory Deployment of web application directory [/Users/gowtham-5630/Downloads/apache-tomcat-9.0.20/webapps/docs] has finished in [212] ms
10-Jun-2019 15:44:34.155 INFO [main] org.apache.catalina.startup.HostConfig.deployDirectory Deploying web application directory [/Users/gowtham-5630/Downloads/apache-tomcat-9.0.20/webapps/manager]
10-Jun-2019 15:44:34.196 INFO [main] org.apache.catalina.startup.HostConfig.deployDirectory Deployment of web application directory [/Users/gowtham-5630/Downloads/apache-tomcat-9.0.20/webapps/manager] has finished in [41] ms
10-Jun-2019 15:44:34.196 INFO [main] org.apache.catalina.startup.HostConfig.deployDirectory Deploying web application directory [/Users/gowtham-5630/Downloads/apache-tomcat-9.0.20/webapps/examples]
10-Jun-2019 15:44:34.765 INFO [main] org.apache.catalina.startup.HostConfig.deployDirectory Deployment of web application directory [/Users/gowtham-5630/Downloads/apache-tomcat-9.0.20/webapps/examples] has finished in [569] ms
10-Jun-2019 15:44:34.765 INFO [main] org.apache.catalina.startup.HostConfig.deployDirectory Deploying web application directory [/Users/gowtham-5630/Downloads/apache-tomcat-9.0.20/webapps/ROOT]
10-Jun-2019 15:44:34.781 INFO [main] org.apache.catalina.startup.HostConfig.deployDirectory Deployment of web application directory [/Users/gowtham-5630/Downloads/apache-tomcat-9.0.20/webapps/ROOT] has finished in [16] ms
10-Jun-2019 15:44:34.782 INFO [main] org.apache.catalina.startup.HostConfig.deployDirectory Deploying web application directory [/Users/gowtham-5630/Downloads/apache-tomcat-9.0.20/webapps/host-manager]
10-Jun-2019 15:44:34.803 INFO [main] org.apache.catalina.startup.HostConfig.deployDirectory Deployment of web application directory [/Users/gowtham-5630/Downloads/apache-tomcat-9.0.20/webapps/host-manager] has finished in [21] ms
10-Jun-2019 15:44:34.806 INFO [main] org.apache.coyote.AbstractProtocol.start Starting ProtocolHandler ["http-nio-8080"]
10-Jun-2019 15:44:34.811 INFO [main] org.apache.coyote.AbstractProtocol.start Starting ProtocolHandler ["ajp-nio-8009"]
10-Jun-2019 15:44:34.812 INFO [main] org.apache.catalina.startup.Catalina.start Server startup in [904] milliseconds
10-Jun-2019 15:44:38.824 INFO [main] org.apache.catalina.core.StandardServer.await A valid shutdown command was received via the shutdown port. Stopping the Server instance.
10-Jun-2019 15:44:38.825 INFO [main] org.apache.coyote.AbstractProtocol.pause Pausing ProtocolHandler ["http-nio-8080"]
10-Jun-2019 15:44:38.834 INFO [main] org.apache.coyote.AbstractProtocol.pause Pausing ProtocolHandler ["ajp-nio-8009"]
10-Jun-2019 15:44:38.840 INFO [main] org.apache.catalina.core.StandardService.stopInternal Stopping service [Catalina]
10-Jun-2019 15:44:38.862 INFO [main] org.apache.coyote.AbstractProtocol.stop Stopping ProtocolHandler ["http-nio-8080"]
10-Jun-2019 15:44:38.864 INFO [main] org.apache.coyote.AbstractProtocol.stop Stopping ProtocolHandler ["ajp-nio-8009"]
10-Jun-2019 15:44:38.866 INFO [main] org.apache.coyote.AbstractProtocol.destroy Destroying ProtocolHandler ["http-nio-8080"]
10-Jun-2019 15:44:38.867 INFO [main] org.apache.coyote.AbstractProtocol.destroy Destroying ProtocolHandler ["ajp-nio-8009"]
catalina.sh: line 464: /usr/java/latest/bin/java: No such file or directory
catalina.sh: line 452: /usr/java/latest/bin/java: No such file or directory
catalina.sh: line 464: /usr/java/latest/bin/java: No such file or directory
catalina.sh: line 464: /usr/bin/java/bin/java: Not a directory
10-Jun-2019 22:21:44.997 INFO [main] org.apache.catalina.startup.VersionLoggerListener.log Server version name:   Apache Tomcat/9.0.20
10-Jun-2019 22:21:45.001 INFO [main] org.apache.catalina.startup.VersionLoggerListener.log Server built:          May 3 2019 22:26:00 UTC
10-Jun-2019 22:21:45.001 INFO [main] org.apache.catalina.startup.VersionLoggerListener.log Server version number: 9.0.20.0
10-Jun-2019 22:21:45.001 INFO [main] org.apache.catalina.startup.VersionLoggerListener.log OS Name:               Mac OS X
10-Jun-2019 22:21:45.001 INFO [main] org.apache.catalina.startup.VersionLoggerListener.log OS Version:            10.13.6
10-Jun-2019 22:21:45.001 INFO [main] org.apache.catalina.startup.VersionLoggerListener.log Architecture:          x86_64
10-Jun-2019 22:21:45.001 INFO [main] org.apache.catalina.startup.VersionLoggerListener.log Java Home:             /Library/Java/JavaVirtualMachines/jdk1.8.0_77.jdk/Contents/Home/jre
10-Jun-2019 22:21:45.001 INFO [main] org.apache.catalina.startup.VersionLoggerListener.log JVM Version:           1.8.0_77-b03
10-Jun-2019 22:21:45.001 INFO [main] org.apache.catalina.startup.VersionLoggerListener.log JVM Vendor:            Oracle Corporation
10-Jun-2019 22:21:45.001 INFO [main] org.apache.catalina.startup.VersionLoggerListener.log CATALINA_BASE:         /Users/gowtham-5630/Downloads/apache-tomcat-9.0.20
10-Jun-2019 22:21:45.002 INFO [main] org.apache.catalina.startup.VersionLoggerListener.log CATALINA_HOME:         /Users/gowtham-5630/Downloads/apache-tomcat-9.0.20
10-Jun-2019 22:21:45.018 INFO [main] org.apache.catalina.startup.VersionLoggerListener.log Command line argument: -Djava.util.logging.config.file=/Users/gowtham-5630/Downloads/apache-tomcat-9.0.20/conf/logging.properties
10-Jun-2019 22:21:45.018 INFO [main] org.apache.catalina.startup.VersionLoggerListener.log Command line argument: -Djava.util.logging.manager=org.apache.juli.ClassLoaderLogManager
10-Jun-2019 22:21:45.018 INFO [main] org.apache.catalina.startup.VersionLoggerListener.log Command line argument: -Djdk.tls.ephemeralDHKeySize=2048
10-Jun-2019 22:21:45.018 INFO [main] org.apache.catalina.startup.VersionLoggerListener.log Command line argument: -Djava.protocol.handler.pkgs=org.apache.catalina.webresources
10-Jun-2019 22:21:45.019 INFO [main] org.apache.catalina.startup.VersionLoggerListener.log Command line argument: -Dorg.apache.catalina.security.SecurityListener.UMASK=0027
10-Jun-2019 22:21:45.019 INFO [main] org.apache.catalina.startup.VersionLoggerListener.log Command line argument: -Dignore.endorsed.dirs=
10-Jun-2019 22:21:45.019 INFO [main] org.apache.catalina.startup.VersionLoggerListener.log Command line argument: -Dcatalina.base=/Users/gowtham-5630/Downloads/apache-tomcat-9.0.20
10-Jun-2019 22:21:45.019 INFO [main] org.apache.catalina.startup.VersionLoggerListener.log Command line argument: -Dcatalina.home=/Users/gowtham-5630/Downloads/apache-tomcat-9.0.20
10-Jun-2019 22:21:45.019 INFO [main] org.apache.catalina.startup.VersionLoggerListener.log Command line argument: -Djava.io.tmpdir=/Users/gowtham-5630/Downloads/apache-tomcat-9.0.20/temp
10-Jun-2019 22:21:45.019 INFO [main] org.apache.catalina.core.AprLifecycleListener.lifecycleEvent The APR based Apache Tomcat Native library which allows optimal performance in production environments was not found on the java.library.path: [/Users/gowtham-5630/Library/Java/Extensions:/Library/Java/Extensions:/Network/Library/Java/Extensions:/System/Library/Java/Extensions:/usr/lib/java:.]
10-Jun-2019 22:21:45.270 INFO [main] org.apache.coyote.AbstractProtocol.init Initializing ProtocolHandler ["http-nio-8080"]
10-Jun-2019 22:21:45.296 INFO [main] org.apache.coyote.AbstractProtocol.init Initializing ProtocolHandler ["ajp-nio-8009"]
10-Jun-2019 22:21:45.298 INFO [main] org.apache.catalina.startup.Catalina.load Server initialization in [464] milliseconds
10-Jun-2019 22:21:45.323 INFO [main] org.apache.catalina.core.StandardService.startInternal Starting service [Catalina]
10-Jun-2019 22:21:45.324 INFO [main] org.apache.catalina.core.StandardEngine.startInternal Starting Servlet engine: [Apache Tomcat/9.0.20]
10-Jun-2019 22:21:45.329 INFO [main] org.apache.catalina.startup.HostConfig.deployDirectory Deploying web application directory [/Users/gowtham-5630/Downloads/apache-tomcat-9.0.20/webapps/docs]
10-Jun-2019 22:21:45.534 INFO [main] org.apache.catalina.startup.HostConfig.deployDirectory Deployment of web application directory [/Users/gowtham-5630/Downloads/apache-tomcat-9.0.20/webapps/docs] has finished in [205] ms
10-Jun-2019 22:21:45.535 INFO [main] org.apache.catalina.startup.HostConfig.deployDirectory Deploying web application directory [/Users/gowtham-5630/Downloads/apache-tomcat-9.0.20/webapps/manager]
10-Jun-2019 22:21:45.568 INFO [main] org.apache.catalina.startup.HostConfig.deployDirectory Deployment of web application directory [/Users/gowtham-5630/Downloads/apache-tomcat-9.0.20/webapps/manager] has finished in [34] ms
10-Jun-2019 22:21:45.568 INFO [main] org.apache.catalina.startup.HostConfig.deployDirectory Deploying web application directory [/Users/gowtham-5630/Downloads/apache-tomcat-9.0.20/webapps/examples]
10-Jun-2019 22:21:46.238 INFO [main] org.apache.catalina.startup.HostConfig.deployDirectory Deployment of web application directory [/Users/gowtham-5630/Downloads/apache-tomcat-9.0.20/webapps/examples] has finished in [670] ms
10-Jun-2019 22:21:46.238 INFO [main] org.apache.catalina.startup.HostConfig.deployDirectory Deploying web application directory [/Users/gowtham-5630/Downloads/apache-tomcat-9.0.20/webapps/ROOT]
10-Jun-2019 22:21:46.253 INFO [main] org.apache.catalina.startup.HostConfig.deployDirectory Deployment of web application directory [/Users/gowtham-5630/Downloads/apache-tomcat-9.0.20/webapps/ROOT] has finished in [14] ms
10-Jun-2019 22:21:46.253 INFO [main] org.apache.catalina.startup.HostConfig.deployDirectory Deploying web application directory [/Users/gowtham-5630/Downloads/apache-tomcat-9.0.20/webapps/host-manager]
10-Jun-2019 22:21:46.273 INFO [main] org.apache.catalina.startup.HostConfig.deployDirectory Deployment of web application directory [/Users/gowtham-5630/Downloads/apache-tomcat-9.0.20/webapps/host-manager] has finished in [20] ms
10-Jun-2019 22:21:46.276 INFO [main] org.apache.coyote.AbstractProtocol.start Starting ProtocolHandler ["http-nio-8080"]
10-Jun-2019 22:21:46.281 INFO [main] org.apache.coyote.AbstractProtocol.start Starting ProtocolHandler ["ajp-nio-8009"]
10-Jun-2019 22:21:46.283 INFO [main] org.apache.catalina.startup.Catalina.start Server startup in [984] milliseconds
10-Jun-2019 22:23:06.100 INFO [main] org.apache.catalina.core.StandardServer.await A valid shutdown command was received via the shutdown port. Stopping the Server instance.
10-Jun-2019 22:23:06.100 INFO [main] org.apache.coyote.AbstractProtocol.pause Pausing ProtocolHandler ["http-nio-8080"]
10-Jun-2019 22:23:06.109 INFO [main] org.apache.coyote.AbstractProtocol.pause Pausing ProtocolHandler ["ajp-nio-8009"]
10-Jun-2019 22:23:06.116 INFO [main] org.apache.catalina.core.StandardService.stopInternal Stopping service [Catalina]
10-Jun-2019 22:23:06.142 INFO [main] org.apache.coyote.AbstractProtocol.stop Stopping ProtocolHandler ["http-nio-8080"]
10-Jun-2019 22:23:06.145 INFO [main] org.apache.coyote.AbstractProtocol.stop Stopping ProtocolHandler ["ajp-nio-8009"]
10-Jun-2019 22:23:06.147 INFO [main] org.apache.coyote.AbstractProtocol.destroy Destroying ProtocolHandler ["http-nio-8080"]
10-Jun-2019 22:23:06.148 INFO [main] org.apache.coyote.AbstractProtocol.destroy Destroying ProtocolHandler ["ajp-nio-8009"]
10-Jun-2019 22:24:33.310 INFO [main] org.apache.catalina.startup.VersionLoggerListener.log Server version name:   Apache Tomcat/9.0.20
10-Jun-2019 22:24:33.312 INFO [main] org.apache.catalina.startup.VersionLoggerListener.log Server built:          May 3 2019 22:26:00 UTC
10-Jun-2019 22:24:33.312 INFO [main] org.apache.catalina.startup.VersionLoggerListener.log Server version number: 9.0.20.0
10-Jun-2019 22:24:33.312 INFO [main] org.apache.catalina.startup.VersionLoggerListener.log OS Name:               Mac OS X
10-Jun-2019 22:24:33.312 INFO [main] org.apache.catalina.startup.VersionLoggerListener.log OS Version:            10.13.6
10-Jun-2019 22:24:33.312 INFO [main] org.apache.catalina.startup.VersionLoggerListener.log Architecture:          x86_64
10-Jun-2019 22:24:33.312 INFO [main] org.apache.catalina.startup.VersionLoggerListener.log Java Home:             /Library/Java/JavaVirtualMachines/jdk1.8.0_77.jdk/Contents/Home/jre
10-Jun-2019 22:24:33.313 INFO [main] org.apache.catalina.startup.VersionLoggerListener.log JVM Version:           1.8.0_77-b03
10-Jun-2019 22:24:33.313 INFO [main] org.apache.catalina.startup.VersionLoggerListener.log JVM Vendor:            Oracle Corporation
10-Jun-2019 22:24:33.313 INFO [main] org.apache.catalina.startup.VersionLoggerListener.log CATALINA_BASE:         /Users/gowtham-5630/apache-tomcat-9.0.20
10-Jun-2019 22:24:33.313 INFO [main] org.apache.catalina.startup.VersionLoggerListener.log CATALINA_HOME:         /Users/gowtham-5630/apache-tomcat-9.0.20
10-Jun-2019 22:24:33.317 INFO [main] org.apache.catalina.startup.VersionLoggerListener.log Command line argument: -Djava.util.logging.config.file=/Users/gowtham-5630/apache-tomcat-9.0.20/conf/logging.properties
10-Jun-2019 22:24:33.318 INFO [main] org.apache.catalina.startup.VersionLoggerListener.log Command line argument: -Djava.util.logging.manager=org.apache.juli.ClassLoaderLogManager
10-Jun-2019 22:24:33.318 INFO [main] org.apache.catalina.startup.VersionLoggerListener.log Command line argument: -Djdk.tls.ephemeralDHKeySize=2048
10-Jun-2019 22:24:33.318 INFO [main] org.apache.catalina.startup.VersionLoggerListener.log Command line argument: -Djava.protocol.handler.pkgs=org.apache.catalina.webresources
10-Jun-2019 22:24:33.318 INFO [main] org.apache.catalina.startup.VersionLoggerListener.log Command line argument: -Dorg.apache.catalina.security.SecurityListener.UMASK=0027
10-Jun-2019 22:24:33.318 INFO [main] org.apache.catalina.startup.VersionLoggerListener.log Command line argument: -Dignore.endorsed.dirs=
10-Jun-2019 22:24:33.318 INFO [main] org.apache.catalina.startup.VersionLoggerListener.log Command line argument: -Dcatalina.base=/Users/gowtham-5630/apache-tomcat-9.0.20
10-Jun-2019 22:24:33.318 INFO [main] org.apache.catalina.startup.VersionLoggerListener.log Command line argument: -Dcatalina.home=/Users/gowtham-5630/apache-tomcat-9.0.20
10-Jun-2019 22:24:33.318 INFO [main] org.apache.catalina.startup.VersionLoggerListener.log Command line argument: -Djava.io.tmpdir=/Users/gowtham-5630/apache-tomcat-9.0.20/temp
10-Jun-2019 22:24:33.318 INFO [main] org.apache.catalina.core.AprLifecycleListener.lifecycleEvent The APR based Apache Tomcat Native library which allows optimal performance in production environments was not found on the java.library.path: [/Users/gowtham-5630/Library/Java/Extensions:/Library/Java/Extensions:/Network/Library/Java/Extensions:/System/Library/Java/Extensions:/usr/lib/java:.]
10-Jun-2019 22:24:33.555 INFO [main] org.apache.coyote.AbstractProtocol.init Initializing ProtocolHandler ["http-nio-8080"]
10-Jun-2019 22:24:33.581 INFO [main] org.apache.coyote.AbstractProtocol.init Initializing ProtocolHandler ["ajp-nio-8009"]
10-Jun-2019 22:24:33.583 INFO [main] org.apache.catalina.startup.Catalina.load Server initialization in [422] milliseconds
10-Jun-2019 22:24:33.602 INFO [main] org.apache.catalina.core.StandardService.startInternal Starting service [Catalina]
10-Jun-2019 22:24:33.602 INFO [main] org.apache.catalina.core.StandardEngine.startInternal Starting Servlet engine: [Apache Tomcat/9.0.20]
10-Jun-2019 22:24:33.608 INFO [main] org.apache.catalina.startup.HostConfig.deployDirectory Deploying web application directory [/Users/gowtham-5630/apache-tomcat-9.0.20/webapps/docs]
10-Jun-2019 22:24:33.782 INFO [main] org.apache.catalina.startup.HostConfig.deployDirectory Deployment of web application directory [/Users/gowtham-5630/apache-tomcat-9.0.20/webapps/docs] has finished in [174] ms
10-Jun-2019 22:24:33.783 INFO [main] org.apache.catalina.startup.HostConfig.deployDirectory Deploying web application directory [/Users/gowtham-5630/apache-tomcat-9.0.20/webapps/manager]
10-Jun-2019 22:24:33.806 INFO [main] org.apache.catalina.startup.HostConfig.deployDirectory Deployment of web application directory [/Users/gowtham-5630/apache-tomcat-9.0.20/webapps/manager] has finished in [22] ms
10-Jun-2019 22:24:33.806 INFO [main] org.apache.catalina.startup.HostConfig.deployDirectory Deploying web application directory [/Users/gowtham-5630/apache-tomcat-9.0.20/webapps/examples]
10-Jun-2019 22:24:33.989 INFO [main] org.apache.catalina.startup.HostConfig.deployDirectory Deployment of web application directory [/Users/gowtham-5630/apache-tomcat-9.0.20/webapps/examples] has finished in [183] ms
10-Jun-2019 22:24:33.989 INFO [main] org.apache.catalina.startup.HostConfig.deployDirectory Deploying web application directory [/Users/gowtham-5630/apache-tomcat-9.0.20/webapps/ROOT]
10-Jun-2019 22:24:34.000 INFO [main] org.apache.catalina.startup.HostConfig.deployDirectory Deployment of web application directory [/Users/gowtham-5630/apache-tomcat-9.0.20/webapps/ROOT] has finished in [11] ms
10-Jun-2019 22:24:34.000 INFO [main] org.apache.catalina.startup.HostConfig.deployDirectory Deploying web application directory [/Users/gowtham-5630/apache-tomcat-9.0.20/webapps/host-manager]
10-Jun-2019 22:24:34.012 INFO [main] org.apache.catalina.startup.HostConfig.deployDirectory Deployment of web application directory [/Users/gowtham-5630/apache-tomcat-9.0.20/webapps/host-manager] has finished in [12] ms
10-Jun-2019 22:24:34.014 INFO [main] org.apache.coyote.AbstractProtocol.start Starting ProtocolHandler ["http-nio-8080"]
10-Jun-2019 22:24:34.019 INFO [main] org.apache.coyote.AbstractProtocol.start Starting ProtocolHandler ["ajp-nio-8009"]
10-Jun-2019 22:24:34.021 INFO [main] org.apache.catalina.startup.Catalina.start Server startup in [437] milliseconds
10-Jun-2019 22:24:42.941 INFO [main] org.apache.catalina.core.StandardServer.await A valid shutdown command was received via the shutdown port. Stopping the Server instance.
10-Jun-2019 22:24:42.941 INFO [main] org.apache.coyote.AbstractProtocol.pause Pausing ProtocolHandler ["http-nio-8080"]
10-Jun-2019 22:24:42.950 INFO [main] org.apache.coyote.AbstractProtocol.pause Pausing ProtocolHandler ["ajp-nio-8009"]
10-Jun-2019 22:24:42.956 INFO [main] org.apache.catalina.core.StandardService.stopInternal Stopping service [Catalina]
10-Jun-2019 22:24:42.970 INFO [main] org.apache.coyote.AbstractProtocol.stop Stopping ProtocolHandler ["http-nio-8080"]
10-Jun-2019 22:24:42.972 INFO [main] org.apache.coyote.AbstractProtocol.stop Stopping ProtocolHandler ["ajp-nio-8009"]
10-Jun-2019 22:24:42.973 INFO [main] org.apache.coyote.AbstractProtocol.destroy Destroying ProtocolHandler ["http-nio-8080"]
10-Jun-2019 22:24:42.973 INFO [main] org.apache.coyote.AbstractProtocol.destroy Destroying ProtocolHandler ["ajp-nio-8009"]
10-Jun-2019 22:24:43.811 INFO [main] org.apache.catalina.startup.VersionLoggerListener.log Server version name:   Apache Tomcat/9.0.20
10-Jun-2019 22:24:43.813 INFO [main] org.apache.catalina.startup.VersionLoggerListener.log Server built:          May 3 2019 22:26:00 UTC
10-Jun-2019 22:24:43.813 INFO [main] org.apache.catalina.startup.VersionLoggerListener.log Server version number: 9.0.20.0
10-Jun-2019 22:24:43.813 INFO [main] org.apache.catalina.startup.VersionLoggerListener.log OS Name:               Mac OS X
10-Jun-2019 22:24:43.813 INFO [main] org.apache.catalina.startup.VersionLoggerListener.log OS Version:            10.13.6
10-Jun-2019 22:24:43.813 INFO [main] org.apache.catalina.startup.VersionLoggerListener.log Architecture:          x86_64
10-Jun-2019 22:24:43.813 INFO [main] org.apache.catalina.startup.VersionLoggerListener.log Java Home:             /Library/Java/JavaVirtualMachines/jdk1.8.0_77.jdk/Contents/Home/jre
10-Jun-2019 22:24:43.813 INFO [main] org.apache.catalina.startup.VersionLoggerListener.log JVM Version:           1.8.0_77-b03
10-Jun-2019 22:24:43.813 INFO [main] org.apache.catalina.startup.VersionLoggerListener.log JVM Vendor:            Oracle Corporation
10-Jun-2019 22:24:43.813 INFO [main] org.apache.catalina.startup.VersionLoggerListener.log CATALINA_BASE:         /Users/gowtham-5630/apache-tomcat-9.0.20
10-Jun-2019 22:24:43.814 INFO [main] org.apache.catalina.startup.VersionLoggerListener.log CATALINA_HOME:         /Users/gowtham-5630/apache-tomcat-9.0.20
10-Jun-2019 22:24:43.818 INFO [main] org.apache.catalina.startup.VersionLoggerListener.log Command line argument: -Djava.util.logging.config.file=/Users/gowtham-5630/apache-tomcat-9.0.20/conf/logging.properties
10-Jun-2019 22:24:43.819 INFO [main] org.apache.catalina.startup.VersionLoggerListener.log Command line argument: -Djava.util.logging.manager=org.apache.juli.ClassLoaderLogManager
10-Jun-2019 22:24:43.819 INFO [main] org.apache.catalina.startup.VersionLoggerListener.log Command line argument: -Djdk.tls.ephemeralDHKeySize=2048
10-Jun-2019 22:24:43.819 INFO [main] org.apache.catalina.startup.VersionLoggerListener.log Command line argument: -Djava.protocol.handler.pkgs=org.apache.catalina.webresources
10-Jun-2019 22:24:43.819 INFO [main] org.apache.catalina.startup.VersionLoggerListener.log Command line argument: -Dorg.apache.catalina.security.SecurityListener.UMASK=0027
10-Jun-2019 22:24:43.819 INFO [main] org.apache.catalina.startup.VersionLoggerListener.log Command line argument: -Dignore.endorsed.dirs=
10-Jun-2019 22:24:43.819 INFO [main] org.apache.catalina.startup.VersionLoggerListener.log Command line argument: -Dcatalina.base=/Users/gowtham-5630/apache-tomcat-9.0.20
10-Jun-2019 22:24:43.819 INFO [main] org.apache.catalina.startup.VersionLoggerListener.log Command line argument: -Dcatalina.home=/Users/gowtham-5630/apache-tomcat-9.0.20
10-Jun-2019 22:24:43.819 INFO [main] org.apache.catalina.startup.VersionLoggerListener.log Command line argument: -Djava.io.tmpdir=/Users/gowtham-5630/apache-tomcat-9.0.20/temp
10-Jun-2019 22:24:43.819 INFO [main] org.apache.catalina.core.AprLifecycleListener.lifecycleEvent The APR based Apache Tomcat Native library which allows optimal performance in production environments was not found on the java.library.path: [/Users/gowtham-5630/Library/Java/Extensions:/Library/Java/Extensions:/Network/Library/Java/Extensions:/System/Library/Java/Extensions:/usr/lib/java:.]
10-Jun-2019 22:24:44.065 INFO [main] org.apache.coyote.AbstractProtocol.init Initializing ProtocolHandler ["http-nio-8080"]
10-Jun-2019 22:24:44.095 INFO [main] org.apache.coyote.AbstractProtocol.init Initializing ProtocolHandler ["ajp-nio-8009"]
10-Jun-2019 22:24:44.097 INFO [main] org.apache.catalina.startup.Catalina.load Server initialization in [436] milliseconds
10-Jun-2019 22:24:44.115 INFO [main] org.apache.catalina.core.StandardService.startInternal Starting service [Catalina]
10-Jun-2019 22:24:44.115 INFO [main] org.apache.catalina.core.StandardEngine.startInternal Starting Servlet engine: [Apache Tomcat/9.0.20]
10-Jun-2019 22:24:44.120 INFO [main] org.apache.catalina.startup.HostConfig.deployDirectory Deploying web application directory [/Users/gowtham-5630/apache-tomcat-9.0.20/webapps/docs]
10-Jun-2019 22:24:44.297 INFO [main] org.apache.catalina.startup.HostConfig.deployDirectory Deployment of web application directory [/Users/gowtham-5630/apache-tomcat-9.0.20/webapps/docs] has finished in [177] ms
10-Jun-2019 22:24:44.299 INFO [main] org.apache.catalina.startup.HostConfig.deployDirectory Deploying web application directory [/Users/gowtham-5630/apache-tomcat-9.0.20/webapps/manager]
10-Jun-2019 22:24:44.329 INFO [main] org.apache.catalina.startup.HostConfig.deployDirectory Deployment of web application directory [/Users/gowtham-5630/apache-tomcat-9.0.20/webapps/manager] has finished in [32] ms
10-Jun-2019 22:24:44.330 INFO [main] org.apache.catalina.startup.HostConfig.deployDirectory Deploying web application directory [/Users/gowtham-5630/apache-tomcat-9.0.20/webapps/examples]
10-Jun-2019 22:24:44.573 INFO [main] org.apache.catalina.startup.HostConfig.deployDirectory Deployment of web application directory [/Users/gowtham-5630/apache-tomcat-9.0.20/webapps/examples] has finished in [244] ms
10-Jun-2019 22:24:44.573 INFO [main] org.apache.catalina.startup.HostConfig.deployDirectory Deploying web application directory [/Users/gowtham-5630/apache-tomcat-9.0.20/webapps/ROOT]
10-Jun-2019 22:24:44.586 INFO [main] org.apache.catalina.startup.HostConfig.deployDirectory Deployment of web application directory [/Users/gowtham-5630/apache-tomcat-9.0.20/webapps/ROOT] has finished in [13] ms
10-Jun-2019 22:24:44.587 INFO [main] org.apache.catalina.startup.HostConfig.deployDirectory Deploying web application directory [/Users/gowtham-5630/apache-tomcat-9.0.20/webapps/host-manager]
10-Jun-2019 22:24:44.601 INFO [main] org.apache.catalina.startup.HostConfig.deployDirectory Deployment of web application directory [/Users/gowtham-5630/apache-tomcat-9.0.20/webapps/host-manager] has finished in [14] ms
10-Jun-2019 22:24:44.603 INFO [main] org.apache.coyote.AbstractProtocol.start Starting ProtocolHandler ["http-nio-8080"]
10-Jun-2019 22:24:44.609 INFO [main] org.apache.coyote.AbstractProtocol.start Starting ProtocolHandler ["ajp-nio-8009"]
10-Jun-2019 22:24:44.611 INFO [main] org.apache.catalina.startup.Catalina.start Server startup in [513] milliseconds
10-Jun-2019 22:25:56.007 INFO [main] org.apache.catalina.startup.VersionLoggerListener.log Server version name:   Apache Tomcat/9.0.20
10-Jun-2019 22:25:56.009 INFO [main] org.apache.catalina.startup.VersionLoggerListener.log Server built:          May 3 2019 22:26:00 UTC
10-Jun-2019 22:25:56.010 INFO [main] org.apache.catalina.startup.VersionLoggerListener.log Server version number: 9.0.20.0
10-Jun-2019 22:25:56.010 INFO [main] org.apache.catalina.startup.VersionLoggerListener.log OS Name:               Mac OS X
10-Jun-2019 22:25:56.010 INFO [main] org.apache.catalina.startup.VersionLoggerListener.log OS Version:            10.13.6
10-Jun-2019 22:25:56.010 INFO [main] org.apache.catalina.startup.VersionLoggerListener.log Architecture:          x86_64
10-Jun-2019 22:25:56.010 INFO [main] org.apache.catalina.startup.VersionLoggerListener.log Java Home:             /Library/Java/JavaVirtualMachines/jdk1.8.0_77.jdk/Contents/Home/jre
10-Jun-2019 22:25:56.011 INFO [main] org.apache.catalina.startup.VersionLoggerListener.log JVM Version:           1.8.0_77-b03
10-Jun-2019 22:25:56.011 INFO [main] org.apache.catalina.startup.VersionLoggerListener.log JVM Vendor:            Oracle Corporation
10-Jun-2019 22:25:56.011 INFO [main] org.apache.catalina.startup.VersionLoggerListener.log CATALINA_BASE:         /Users/gowtham-5630/apache-tomcat-9.0.20
10-Jun-2019 22:25:56.011 INFO [main] org.apache.catalina.startup.VersionLoggerListener.log CATALINA_HOME:         /Users/gowtham-5630/apache-tomcat-9.0.20
10-Jun-2019 22:25:56.019 INFO [main] org.apache.catalina.startup.VersionLoggerListener.log Command line argument: -Djava.util.logging.config.file=/Users/gowtham-5630/apache-tomcat-9.0.20/conf/logging.properties
10-Jun-2019 22:25:56.019 INFO [main] org.apache.catalina.startup.VersionLoggerListener.log Command line argument: -Djava.util.logging.manager=org.apache.juli.ClassLoaderLogManager
10-Jun-2019 22:25:56.019 INFO [main] org.apache.catalina.startup.VersionLoggerListener.log Command line argument: -Djdk.tls.ephemeralDHKeySize=2048
10-Jun-2019 22:25:56.019 INFO [main] org.apache.catalina.startup.VersionLoggerListener.log Command line argument: -Djava.protocol.handler.pkgs=org.apache.catalina.webresources
10-Jun-2019 22:25:56.019 INFO [main] org.apache.catalina.startup.VersionLoggerListener.log Command line argument: -Dorg.apache.catalina.security.SecurityListener.UMASK=0027
10-Jun-2019 22:25:56.019 INFO [main] org.apache.catalina.startup.VersionLoggerListener.log Command line argument: -Dignore.endorsed.dirs=
10-Jun-2019 22:25:56.019 INFO [main] org.apache.catalina.startup.VersionLoggerListener.log Command line argument: -Dcatalina.base=/Users/gowtham-5630/apache-tomcat-9.0.20
10-Jun-2019 22:25:56.020 INFO [main] org.apache.catalina.startup.VersionLoggerListener.log Command line argument: -Dcatalina.home=/Users/gowtham-5630/apache-tomcat-9.0.20
10-Jun-2019 22:25:56.020 INFO [main] org.apache.catalina.startup.VersionLoggerListener.log Command line argument: -Djava.io.tmpdir=/Users/gowtham-5630/apache-tomcat-9.0.20/temp
10-Jun-2019 22:25:56.020 INFO [main] org.apache.catalina.core.AprLifecycleListener.lifecycleEvent The APR based Apache Tomcat Native library which allows optimal performance in production environments was not found on the java.library.path: [/Users/gowtham-5630/Library/Java/Extensions:/Library/Java/Extensions:/Network/Library/Java/Extensions:/System/Library/Java/Extensions:/usr/lib/java:.]
10-Jun-2019 22:25:56.324 INFO [main] org.apache.coyote.AbstractProtocol.init Initializing ProtocolHandler ["http-nio-8080"]
10-Jun-2019 22:25:56.348 SEVERE [main] org.apache.catalina.util.LifecycleBase.handleSubClassException Failed to initialize component [Connector[HTTP/1.1-8080]]
	org.apache.catalina.LifecycleException: Protocol handler initialization failed
		at org.apache.catalina.connector.Connector.initInternal(Connector.java:983)
		at org.apache.catalina.util.LifecycleBase.init(LifecycleBase.java:136)
		at org.apache.catalina.core.StandardService.initInternal(StandardService.java:533)
		at org.apache.catalina.util.LifecycleBase.init(LifecycleBase.java:136)
		at org.apache.catalina.core.StandardServer.initInternal(StandardServer.java:1059)
		at org.apache.catalina.util.LifecycleBase.init(LifecycleBase.java:136)
		at org.apache.catalina.startup.Catalina.load(Catalina.java:584)
		at org.apache.catalina.startup.Catalina.load(Catalina.java:607)
		at sun.reflect.NativeMethodAccessorImpl.invoke0(Native Method)
		at sun.reflect.NativeMethodAccessorImpl.invoke(NativeMethodAccessorImpl.java:62)
		at sun.reflect.DelegatingMethodAccessorImpl.invoke(DelegatingMethodAccessorImpl.java:43)
		at java.lang.reflect.Method.invoke(Method.java:498)
		at org.apache.catalina.startup.Bootstrap.load(Bootstrap.java:304)
		at org.apache.catalina.startup.Bootstrap.main(Bootstrap.java:474)
	Caused by: java.net.BindException: Address already in use
		at sun.nio.ch.Net.bind0(Native Method)
		at sun.nio.ch.Net.bind(Net.java:433)
		at sun.nio.ch.Net.bind(Net.java:425)
		at sun.nio.ch.ServerSocketChannelImpl.bind(ServerSocketChannelImpl.java:223)
		at sun.nio.ch.ServerSocketAdaptor.bind(ServerSocketAdaptor.java:74)
		at org.apache.tomcat.util.net.NioEndpoint.initServerSocket(NioEndpoint.java:248)
		at org.apache.tomcat.util.net.NioEndpoint.bind(NioEndpoint.java:222)
		at org.apache.tomcat.util.net.AbstractEndpoint.bindWithCleanup(AbstractEndpoint.java:1119)
		at org.apache.tomcat.util.net.AbstractEndpoint.init(AbstractEndpoint.java:1132)
		at org.apache.coyote.AbstractProtocol.init(AbstractProtocol.java:557)
		at org.apache.coyote.http11.AbstractHttp11Protocol.init(AbstractHttp11Protocol.java:74)
		at org.apache.catalina.connector.Connector.initInternal(Connector.java:980)
		... 13 more
10-Jun-2019 22:25:56.350 INFO [main] org.apache.coyote.AbstractProtocol.init Initializing ProtocolHandler ["ajp-nio-8009"]
10-Jun-2019 22:25:56.351 SEVERE [main] org.apache.catalina.util.LifecycleBase.handleSubClassException Failed to initialize component [Connector[AJP/1.3-8009]]
	org.apache.catalina.LifecycleException: Protocol handler initialization failed
		at org.apache.catalina.connector.Connector.initInternal(Connector.java:983)
		at org.apache.catalina.util.LifecycleBase.init(LifecycleBase.java:136)
		at org.apache.catalina.core.StandardService.initInternal(StandardService.java:533)
		at org.apache.catalina.util.LifecycleBase.init(LifecycleBase.java:136)
		at org.apache.catalina.core.StandardServer.initInternal(StandardServer.java:1059)
		at org.apache.catalina.util.LifecycleBase.init(LifecycleBase.java:136)
		at org.apache.catalina.startup.Catalina.load(Catalina.java:584)
		at org.apache.catalina.startup.Catalina.load(Catalina.java:607)
		at sun.reflect.NativeMethodAccessorImpl.invoke0(Native Method)
		at sun.reflect.NativeMethodAccessorImpl.invoke(NativeMethodAccessorImpl.java:62)
		at sun.reflect.DelegatingMethodAccessorImpl.invoke(DelegatingMethodAccessorImpl.java:43)
		at java.lang.reflect.Method.invoke(Method.java:498)
		at org.apache.catalina.startup.Bootstrap.load(Bootstrap.java:304)
		at org.apache.catalina.startup.Bootstrap.main(Bootstrap.java:474)
	Caused by: java.net.BindException: Address already in use
		at sun.nio.ch.Net.bind0(Native Method)
		at sun.nio.ch.Net.bind(Net.java:433)
		at sun.nio.ch.Net.bind(Net.java:425)
		at sun.nio.ch.ServerSocketChannelImpl.bind(ServerSocketChannelImpl.java:223)
		at sun.nio.ch.ServerSocketAdaptor.bind(ServerSocketAdaptor.java:74)
		at org.apache.tomcat.util.net.NioEndpoint.initServerSocket(NioEndpoint.java:248)
		at org.apache.tomcat.util.net.NioEndpoint.bind(NioEndpoint.java:222)
		at org.apache.tomcat.util.net.AbstractEndpoint.bindWithCleanup(AbstractEndpoint.java:1119)
		at org.apache.tomcat.util.net.AbstractEndpoint.init(AbstractEndpoint.java:1132)
		at org.apache.coyote.AbstractProtocol.init(AbstractProtocol.java:557)
		at org.apache.catalina.connector.Connector.initInternal(Connector.java:980)
		... 13 more
10-Jun-2019 22:25:56.352 INFO [main] org.apache.catalina.startup.Catalina.load Server initialization in [525] milliseconds
10-Jun-2019 22:25:56.376 INFO [main] org.apache.catalina.core.StandardService.startInternal Starting service [Catalina]
10-Jun-2019 22:25:56.376 INFO [main] org.apache.catalina.core.StandardEngine.startInternal Starting Servlet engine: [Apache Tomcat/9.0.20]
10-Jun-2019 22:25:56.382 INFO [main] org.apache.catalina.startup.HostConfig.deployDirectory Deploying web application directory [/Users/gowtham-5630/apache-tomcat-9.0.20/webapps/docs]
10-Jun-2019 22:25:56.564 INFO [main] org.apache.catalina.startup.HostConfig.deployDirectory Deployment of web application directory [/Users/gowtham-5630/apache-tomcat-9.0.20/webapps/docs] has finished in [182] ms
10-Jun-2019 22:25:56.567 INFO [main] org.apache.catalina.startup.HostConfig.deployDirectory Deploying web application directory [/Users/gowtham-5630/apache-tomcat-9.0.20/webapps/manager]
10-Jun-2019 22:25:56.593 INFO [main] org.apache.catalina.startup.HostConfig.deployDirectory Deployment of web application directory [/Users/gowtham-5630/apache-tomcat-9.0.20/webapps/manager] has finished in [29] ms
10-Jun-2019 22:25:56.593 INFO [main] org.apache.catalina.startup.HostConfig.deployDirectory Deploying web application directory [/Users/gowtham-5630/apache-tomcat-9.0.20/webapps/examples]
10-Jun-2019 22:25:56.804 INFO [main] org.apache.catalina.startup.HostConfig.deployDirectory Deployment of web application directory [/Users/gowtham-5630/apache-tomcat-9.0.20/webapps/examples] has finished in [210] ms
10-Jun-2019 22:25:56.804 INFO [main] org.apache.catalina.startup.HostConfig.deployDirectory Deploying web application directory [/Users/gowtham-5630/apache-tomcat-9.0.20/webapps/ROOT]
10-Jun-2019 22:25:56.821 INFO [main] org.apache.catalina.startup.HostConfig.deployDirectory Deployment of web application directory [/Users/gowtham-5630/apache-tomcat-9.0.20/webapps/ROOT] has finished in [17] ms
10-Jun-2019 22:25:56.822 INFO [main] org.apache.catalina.startup.HostConfig.deployDirectory Deploying web application directory [/Users/gowtham-5630/apache-tomcat-9.0.20/webapps/host-manager]
10-Jun-2019 22:25:56.838 INFO [main] org.apache.catalina.startup.HostConfig.deployDirectory Deployment of web application directory [/Users/gowtham-5630/apache-tomcat-9.0.20/webapps/host-manager] has finished in [17] ms
10-Jun-2019 22:25:56.842 INFO [main] org.apache.catalina.startup.Catalina.start Server startup in [490] milliseconds
10-Jun-2019 22:25:56.846 SEVERE [main] org.apache.catalina.core.StandardServer.await Failed to create server shutdown socket on address [localhost] and port [8005] (base port [8005] and offset [0])
	java.net.BindException: Address already in use
		at java.net.PlainSocketImpl.socketBind(Native Method)
		at java.net.AbstractPlainSocketImpl.bind(AbstractPlainSocketImpl.java:387)
		at java.net.ServerSocket.bind(ServerSocket.java:375)
		at java.net.ServerSocket.<init>(ServerSocket.java:237)
		at org.apache.catalina.core.StandardServer.await(StandardServer.java:584)
		at org.apache.catalina.startup.Catalina.await(Catalina.java:721)
		at org.apache.catalina.startup.Catalina.start(Catalina.java:667)
		at sun.reflect.NativeMethodAccessorImpl.invoke0(Native Method)
		at sun.reflect.NativeMethodAccessorImpl.invoke(NativeMethodAccessorImpl.java:62)
		at sun.reflect.DelegatingMethodAccessorImpl.invoke(DelegatingMethodAccessorImpl.java:43)
		at java.lang.reflect.Method.invoke(Method.java:498)
		at org.apache.catalina.startup.Bootstrap.start(Bootstrap.java:344)
		at org.apache.catalina.startup.Bootstrap.main(Bootstrap.java:475)
10-Jun-2019 22:25:56.846 INFO [main] org.apache.coyote.AbstractProtocol.pause Pausing ProtocolHandler ["http-nio-8080"]
10-Jun-2019 22:25:56.847 INFO [main] org.apache.coyote.AbstractProtocol.pause Pausing ProtocolHandler ["ajp-nio-8009"]
10-Jun-2019 22:25:56.847 INFO [main] org.apache.catalina.core.StandardService.stopInternal Stopping service [Catalina]
10-Jun-2019 22:25:56.862 INFO [main] org.apache.coyote.AbstractProtocol.stop Stopping ProtocolHandler ["http-nio-8080"]
10-Jun-2019 22:25:56.862 INFO [main] org.apache.coyote.AbstractProtocol.destroy Destroying ProtocolHandler ["http-nio-8080"]
10-Jun-2019 22:25:56.862 INFO [main] org.apache.coyote.AbstractProtocol.stop Stopping ProtocolHandler ["ajp-nio-8009"]
10-Jun-2019 22:25:56.862 INFO [main] org.apache.coyote.AbstractProtocol.destroy Destroying ProtocolHandler ["ajp-nio-8009"]
10-Jun-2019 22:26:32.335 INFO [main] org.apache.catalina.core.StandardServer.await A valid shutdown command was received via the shutdown port. Stopping the Server instance.
10-Jun-2019 22:26:32.336 INFO [main] org.apache.coyote.AbstractProtocol.pause Pausing ProtocolHandler ["http-nio-8080"]
10-Jun-2019 22:26:32.345 INFO [main] org.apache.coyote.AbstractProtocol.pause Pausing ProtocolHandler ["ajp-nio-8009"]
10-Jun-2019 22:26:32.352 INFO [main] org.apache.catalina.core.StandardService.stopInternal Stopping service [Catalina]
10-Jun-2019 22:26:32.367 INFO [main] org.apache.coyote.AbstractProtocol.stop Stopping ProtocolHandler ["http-nio-8080"]
10-Jun-2019 22:26:32.368 INFO [main] org.apache.coyote.AbstractProtocol.stop Stopping ProtocolHandler ["ajp-nio-8009"]
10-Jun-2019 22:26:32.369 INFO [main] org.apache.coyote.AbstractProtocol.destroy Destroying ProtocolHandler ["http-nio-8080"]
10-Jun-2019 22:26:32.370 INFO [main] org.apache.coyote.AbstractProtocol.destroy Destroying ProtocolHandler ["ajp-nio-8009"]
10-Jun-2019 22:26:38.091 INFO [main] org.apache.catalina.startup.VersionLoggerListener.log Server version name:   Apache Tomcat/9.0.20
10-Jun-2019 22:26:38.093 INFO [main] org.apache.catalina.startup.VersionLoggerListener.log Server built:          May 3 2019 22:26:00 UTC
10-Jun-2019 22:26:38.093 INFO [main] org.apache.catalina.startup.VersionLoggerListener.log Server version number: 9.0.20.0
10-Jun-2019 22:26:38.093 INFO [main] org.apache.catalina.startup.VersionLoggerListener.log OS Name:               Mac OS X
10-Jun-2019 22:26:38.093 INFO [main] org.apache.catalina.startup.VersionLoggerListener.log OS Version:            10.13.6
10-Jun-2019 22:26:38.094 INFO [main] org.apache.catalina.startup.VersionLoggerListener.log Architecture:          x86_64
10-Jun-2019 22:26:38.094 INFO [main] org.apache.catalina.startup.VersionLoggerListener.log Java Home:             /Library/Java/JavaVirtualMachines/jdk1.8.0_77.jdk/Contents/Home/jre
10-Jun-2019 22:26:38.094 INFO [main] org.apache.catalina.startup.VersionLoggerListener.log JVM Version:           1.8.0_77-b03
10-Jun-2019 22:26:38.094 INFO [main] org.apache.catalina.startup.VersionLoggerListener.log JVM Vendor:            Oracle Corporation
10-Jun-2019 22:26:38.094 INFO [main] org.apache.catalina.startup.VersionLoggerListener.log CATALINA_BASE:         /Users/gowtham-5630/apache-tomcat-9.0.20
10-Jun-2019 22:26:38.094 INFO [main] org.apache.catalina.startup.VersionLoggerListener.log CATALINA_HOME:         /Users/gowtham-5630/apache-tomcat-9.0.20
10-Jun-2019 22:26:38.101 INFO [main] org.apache.catalina.startup.VersionLoggerListener.log Command line argument: -Djava.util.logging.config.file=/Users/gowtham-5630/apache-tomcat-9.0.20/conf/logging.properties
10-Jun-2019 22:26:38.101 INFO [main] org.apache.catalina.startup.VersionLoggerListener.log Command line argument: -Djava.util.logging.manager=org.apache.juli.ClassLoaderLogManager
10-Jun-2019 22:26:38.101 INFO [main] org.apache.catalina.startup.VersionLoggerListener.log Command line argument: -Djdk.tls.ephemeralDHKeySize=2048
10-Jun-2019 22:26:38.101 INFO [main] org.apache.catalina.startup.VersionLoggerListener.log Command line argument: -Djava.protocol.handler.pkgs=org.apache.catalina.webresources
10-Jun-2019 22:26:38.101 INFO [main] org.apache.catalina.startup.VersionLoggerListener.log Command line argument: -Dorg.apache.catalina.security.SecurityListener.UMASK=0027
10-Jun-2019 22:26:38.102 INFO [main] org.apache.catalina.startup.VersionLoggerListener.log Command line argument: -Dignore.endorsed.dirs=
10-Jun-2019 22:26:38.102 INFO [main] org.apache.catalina.startup.VersionLoggerListener.log Command line argument: -Dcatalina.base=/Users/gowtham-5630/apache-tomcat-9.0.20
10-Jun-2019 22:26:38.102 INFO [main] org.apache.catalina.startup.VersionLoggerListener.log Command line argument: -Dcatalina.home=/Users/gowtham-5630/apache-tomcat-9.0.20
10-Jun-2019 22:26:38.102 INFO [main] org.apache.catalina.startup.VersionLoggerListener.log Command line argument: -Djava.io.tmpdir=/Users/gowtham-5630/apache-tomcat-9.0.20/temp
10-Jun-2019 22:26:38.102 INFO [main] org.apache.catalina.core.AprLifecycleListener.lifecycleEvent The APR based Apache Tomcat Native library which allows optimal performance in production environments was not found on the java.library.path: [/Users/gowtham-5630/Library/Java/Extensions:/Library/Java/Extensions:/Network/Library/Java/Extensions:/System/Library/Java/Extensions:/usr/lib/java:.]
10-Jun-2019 22:26:38.402 INFO [main] org.apache.coyote.AbstractProtocol.init Initializing ProtocolHandler ["http-nio-8080"]
10-Jun-2019 22:26:38.434 INFO [main] org.apache.coyote.AbstractProtocol.init Initializing ProtocolHandler ["ajp-nio-8009"]
10-Jun-2019 22:26:38.436 INFO [main] org.apache.catalina.startup.Catalina.load Server initialization in [544] milliseconds
10-Jun-2019 22:26:38.456 INFO [main] org.apache.catalina.core.StandardService.startInternal Starting service [Catalina]
10-Jun-2019 22:26:38.457 INFO [main] org.apache.catalina.core.StandardEngine.startInternal Starting Servlet engine: [Apache Tomcat/9.0.20]
10-Jun-2019 22:26:38.463 INFO [main] org.apache.catalina.startup.HostConfig.deployDirectory Deploying web application directory [/Users/gowtham-5630/apache-tomcat-9.0.20/webapps/docs]
10-Jun-2019 22:26:38.672 INFO [main] org.apache.catalina.startup.HostConfig.deployDirectory Deployment of web application directory [/Users/gowtham-5630/apache-tomcat-9.0.20/webapps/docs] has finished in [209] ms
10-Jun-2019 22:26:38.674 INFO [main] org.apache.catalina.startup.HostConfig.deployDirectory Deploying web application directory [/Users/gowtham-5630/apache-tomcat-9.0.20/webapps/manager]
10-Jun-2019 22:26:38.703 INFO [main] org.apache.catalina.startup.HostConfig.deployDirectory Deployment of web application directory [/Users/gowtham-5630/apache-tomcat-9.0.20/webapps/manager] has finished in [30] ms
10-Jun-2019 22:26:38.703 INFO [main] org.apache.catalina.startup.HostConfig.deployDirectory Deploying web application directory [/Users/gowtham-5630/apache-tomcat-9.0.20/webapps/examples]
10-Jun-2019 22:26:38.917 INFO [main] org.apache.catalina.startup.HostConfig.deployDirectory Deployment of web application directory [/Users/gowtham-5630/apache-tomcat-9.0.20/webapps/examples] has finished in [214] ms
10-Jun-2019 22:26:38.918 INFO [main] org.apache.catalina.startup.HostConfig.deployDirectory Deploying web application directory [/Users/gowtham-5630/apache-tomcat-9.0.20/webapps/ROOT]
10-Jun-2019 22:26:38.929 INFO [main] org.apache.catalina.startup.HostConfig.deployDirectory Deployment of web application directory [/Users/gowtham-5630/apache-tomcat-9.0.20/webapps/ROOT] has finished in [12] ms
10-Jun-2019 22:26:38.929 INFO [main] org.apache.catalina.startup.HostConfig.deployDirectory Deploying web application directory [/Users/gowtham-5630/apache-tomcat-9.0.20/webapps/host-manager]
10-Jun-2019 22:26:38.942 INFO [main] org.apache.catalina.startup.HostConfig.deployDirectory Deployment of web application directory [/Users/gowtham-5630/apache-tomcat-9.0.20/webapps/host-manager] has finished in [13] ms
10-Jun-2019 22:26:38.946 INFO [main] org.apache.coyote.AbstractProtocol.start Starting ProtocolHandler ["http-nio-8080"]
10-Jun-2019 22:26:38.951 INFO [main] org.apache.coyote.AbstractProtocol.start Starting ProtocolHandler ["ajp-nio-8009"]
10-Jun-2019 22:26:38.953 INFO [main] org.apache.catalina.startup.Catalina.start Server startup in [516] milliseconds
10-Jun-2019 22:26:43.098 INFO [main] org.apache.catalina.core.StandardServer.await A valid shutdown command was received via the shutdown port. Stopping the Server instance.
10-Jun-2019 22:26:43.098 INFO [main] org.apache.coyote.AbstractProtocol.pause Pausing ProtocolHandler ["http-nio-8080"]
10-Jun-2019 22:26:43.107 INFO [main] org.apache.coyote.AbstractProtocol.pause Pausing ProtocolHandler ["ajp-nio-8009"]
10-Jun-2019 22:26:43.114 INFO [main] org.apache.catalina.core.StandardService.stopInternal Stopping service [Catalina]
10-Jun-2019 22:26:43.131 INFO [main] org.apache.coyote.AbstractProtocol.stop Stopping ProtocolHandler ["http-nio-8080"]
10-Jun-2019 22:26:43.133 INFO [main] org.apache.coyote.AbstractProtocol.stop Stopping ProtocolHandler ["ajp-nio-8009"]
10-Jun-2019 22:26:43.134 INFO [main] org.apache.coyote.AbstractProtocol.destroy Destroying ProtocolHandler ["http-nio-8080"]
10-Jun-2019 22:26:43.134 INFO [main] org.apache.coyote.AbstractProtocol.destroy Destroying ProtocolHandler ["ajp-nio-8009"]
10-Jun-2019 22:26:43.993 INFO [main] org.apache.catalina.startup.VersionLoggerListener.log Server version name:   Apache Tomcat/9.0.20
10-Jun-2019 22:26:43.996 INFO [main] org.apache.catalina.startup.VersionLoggerListener.log Server built:          May 3 2019 22:26:00 UTC
10-Jun-2019 22:26:43.996 INFO [main] org.apache.catalina.startup.VersionLoggerListener.log Server version number: 9.0.20.0
10-Jun-2019 22:26:43.996 INFO [main] org.apache.catalina.startup.VersionLoggerListener.log OS Name:               Mac OS X
10-Jun-2019 22:26:43.996 INFO [main] org.apache.catalina.startup.VersionLoggerListener.log OS Version:            10.13.6
10-Jun-2019 22:26:43.996 INFO [main] org.apache.catalina.startup.VersionLoggerListener.log Architecture:          x86_64
10-Jun-2019 22:26:43.996 INFO [main] org.apache.catalina.startup.VersionLoggerListener.log Java Home:             /Library/Java/JavaVirtualMachines/jdk1.8.0_77.jdk/Contents/Home/jre
10-Jun-2019 22:26:43.996 INFO [main] org.apache.catalina.startup.VersionLoggerListener.log JVM Version:           1.8.0_77-b03
10-Jun-2019 22:26:43.997 INFO [main] org.apache.catalina.startup.VersionLoggerListener.log JVM Vendor:            Oracle Corporation
10-Jun-2019 22:26:43.997 INFO [main] org.apache.catalina.startup.VersionLoggerListener.log CATALINA_BASE:         /Users/gowtham-5630/apache-tomcat-9.0.20
10-Jun-2019 22:26:43.997 INFO [main] org.apache.catalina.startup.VersionLoggerListener.log CATALINA_HOME:         /Users/gowtham-5630/apache-tomcat-9.0.20
10-Jun-2019 22:26:44.004 INFO [main] org.apache.catalina.startup.VersionLoggerListener.log Command line argument: -Djava.util.logging.config.file=/Users/gowtham-5630/apache-tomcat-9.0.20/conf/logging.properties
10-Jun-2019 22:26:44.004 INFO [main] org.apache.catalina.startup.VersionLoggerListener.log Command line argument: -Djava.util.logging.manager=org.apache.juli.ClassLoaderLogManager
10-Jun-2019 22:26:44.004 INFO [main] org.apache.catalina.startup.VersionLoggerListener.log Command line argument: -Djdk.tls.ephemeralDHKeySize=2048
10-Jun-2019 22:26:44.005 INFO [main] org.apache.catalina.startup.VersionLoggerListener.log Command line argument: -Djava.protocol.handler.pkgs=org.apache.catalina.webresources
10-Jun-2019 22:26:44.005 INFO [main] org.apache.catalina.startup.VersionLoggerListener.log Command line argument: -Dorg.apache.catalina.security.SecurityListener.UMASK=0027
10-Jun-2019 22:26:44.005 INFO [main] org.apache.catalina.startup.VersionLoggerListener.log Command line argument: -Dignore.endorsed.dirs=
10-Jun-2019 22:26:44.005 INFO [main] org.apache.catalina.startup.VersionLoggerListener.log Command line argument: -Dcatalina.base=/Users/gowtham-5630/apache-tomcat-9.0.20
10-Jun-2019 22:26:44.005 INFO [main] org.apache.catalina.startup.VersionLoggerListener.log Command line argument: -Dcatalina.home=/Users/gowtham-5630/apache-tomcat-9.0.20
10-Jun-2019 22:26:44.005 INFO [main] org.apache.catalina.startup.VersionLoggerListener.log Command line argument: -Djava.io.tmpdir=/Users/gowtham-5630/apache-tomcat-9.0.20/temp
10-Jun-2019 22:26:44.005 INFO [main] org.apache.catalina.core.AprLifecycleListener.lifecycleEvent The APR based Apache Tomcat Native library which allows optimal performance in production environments was not found on the java.library.path: [/Users/gowtham-5630/Library/Java/Extensions:/Library/Java/Extensions:/Network/Library/Java/Extensions:/System/Library/Java/Extensions:/usr/lib/java:.]
10-Jun-2019 22:26:44.268 INFO [main] org.apache.coyote.AbstractProtocol.init Initializing ProtocolHandler ["http-nio-8080"]
10-Jun-2019 22:26:44.295 INFO [main] org.apache.coyote.AbstractProtocol.init Initializing ProtocolHandler ["ajp-nio-8009"]
10-Jun-2019 22:26:44.296 INFO [main] org.apache.catalina.startup.Catalina.load Server initialization in [544] milliseconds
10-Jun-2019 22:26:44.317 INFO [main] org.apache.catalina.core.StandardService.startInternal Starting service [Catalina]
10-Jun-2019 22:26:44.317 INFO [main] org.apache.catalina.core.StandardEngine.startInternal Starting Servlet engine: [Apache Tomcat/9.0.20]
10-Jun-2019 22:26:44.323 INFO [main] org.apache.catalina.startup.HostConfig.deployDirectory Deploying web application directory [/Users/gowtham-5630/apache-tomcat-9.0.20/webapps/docs]
10-Jun-2019 22:26:44.505 INFO [main] org.apache.catalina.startup.HostConfig.deployDirectory Deployment of web application directory [/Users/gowtham-5630/apache-tomcat-9.0.20/webapps/docs] has finished in [182] ms
10-Jun-2019 22:26:44.507 INFO [main] org.apache.catalina.startup.HostConfig.deployDirectory Deploying web application directory [/Users/gowtham-5630/apache-tomcat-9.0.20/webapps/manager]
10-Jun-2019 22:26:44.532 INFO [main] org.apache.catalina.startup.HostConfig.deployDirectory Deployment of web application directory [/Users/gowtham-5630/apache-tomcat-9.0.20/webapps/manager] has finished in [27] ms
10-Jun-2019 22:26:44.533 INFO [main] org.apache.catalina.startup.HostConfig.deployDirectory Deploying web application directory [/Users/gowtham-5630/apache-tomcat-9.0.20/webapps/examples]
10-Jun-2019 22:26:44.722 INFO [main] org.apache.catalina.startup.HostConfig.deployDirectory Deployment of web application directory [/Users/gowtham-5630/apache-tomcat-9.0.20/webapps/examples] has finished in [189] ms
10-Jun-2019 22:26:44.722 INFO [main] org.apache.catalina.startup.HostConfig.deployDirectory Deploying web application directory [/Users/gowtham-5630/apache-tomcat-9.0.20/webapps/ROOT]
10-Jun-2019 22:26:44.733 INFO [main] org.apache.catalina.startup.HostConfig.deployDirectory Deployment of web application directory [/Users/gowtham-5630/apache-tomcat-9.0.20/webapps/ROOT] has finished in [11] ms
10-Jun-2019 22:26:44.733 INFO [main] org.apache.catalina.startup.HostConfig.deployDirectory Deploying web application directory [/Users/gowtham-5630/apache-tomcat-9.0.20/webapps/host-manager]
10-Jun-2019 22:26:44.745 INFO [main] org.apache.catalina.startup.HostConfig.deployDirectory Deployment of web application directory [/Users/gowtham-5630/apache-tomcat-9.0.20/webapps/host-manager] has finished in [12] ms
10-Jun-2019 22:26:44.748 INFO [main] org.apache.coyote.AbstractProtocol.start Starting ProtocolHandler ["http-nio-8080"]
10-Jun-2019 22:26:44.753 INFO [main] org.apache.coyote.AbstractProtocol.start Starting ProtocolHandler ["ajp-nio-8009"]
10-Jun-2019 22:26:44.754 INFO [main] org.apache.catalina.startup.Catalina.start Server startup in [457] milliseconds
10-Jun-2019 22:27:01.180 INFO [main] org.apache.catalina.core.StandardServer.await A valid shutdown command was received via the shutdown port. Stopping the Server instance.
10-Jun-2019 22:27:01.181 INFO [main] org.apache.coyote.AbstractProtocol.pause Pausing ProtocolHandler ["http-nio-8080"]
10-Jun-2019 22:27:01.189 INFO [main] org.apache.coyote.AbstractProtocol.pause Pausing ProtocolHandler ["ajp-nio-8009"]
10-Jun-2019 22:27:01.195 INFO [main] org.apache.catalina.core.StandardService.stopInternal Stopping service [Catalina]
10-Jun-2019 22:27:01.210 INFO [main] org.apache.coyote.AbstractProtocol.stop Stopping ProtocolHandler ["http-nio-8080"]
10-Jun-2019 22:27:01.213 INFO [main] org.apache.coyote.AbstractProtocol.stop Stopping ProtocolHandler ["ajp-nio-8009"]
10-Jun-2019 22:27:01.213 INFO [main] org.apache.coyote.AbstractProtocol.destroy Destroying ProtocolHandler ["http-nio-8080"]
10-Jun-2019 22:27:01.214 INFO [main] org.apache.coyote.AbstractProtocol.destroy Destroying ProtocolHandler ["ajp-nio-8009"]
10-Jun-2019 22:27:02.029 INFO [main] org.apache.catalina.startup.VersionLoggerListener.log Server version name:   Apache Tomcat/9.0.20
10-Jun-2019 22:27:02.031 INFO [main] org.apache.catalina.startup.VersionLoggerListener.log Server built:          May 3 2019 22:26:00 UTC
10-Jun-2019 22:27:02.032 INFO [main] org.apache.catalina.startup.VersionLoggerListener.log Server version number: 9.0.20.0
10-Jun-2019 22:27:02.032 INFO [main] org.apache.catalina.startup.VersionLoggerListener.log OS Name:               Mac OS X
10-Jun-2019 22:27:02.032 INFO [main] org.apache.catalina.startup.VersionLoggerListener.log OS Version:            10.13.6
10-Jun-2019 22:27:02.032 INFO [main] org.apache.catalina.startup.VersionLoggerListener.log Architecture:          x86_64
10-Jun-2019 22:27:02.032 INFO [main] org.apache.catalina.startup.VersionLoggerListener.log Java Home:             /Library/Java/JavaVirtualMachines/jdk1.8.0_77.jdk/Contents/Home/jre
10-Jun-2019 22:27:02.032 INFO [main] org.apache.catalina.startup.VersionLoggerListener.log JVM Version:           1.8.0_77-b03
10-Jun-2019 22:27:02.032 INFO [main] org.apache.catalina.startup.VersionLoggerListener.log JVM Vendor:            Oracle Corporation
10-Jun-2019 22:27:02.032 INFO [main] org.apache.catalina.startup.VersionLoggerListener.log CATALINA_BASE:         /Users/gowtham-5630/apache-tomcat-9.0.20
10-Jun-2019 22:27:02.032 INFO [main] org.apache.catalina.startup.VersionLoggerListener.log CATALINA_HOME:         /Users/gowtham-5630/apache-tomcat-9.0.20
10-Jun-2019 22:27:02.039 INFO [main] org.apache.catalina.startup.VersionLoggerListener.log Command line argument: -Djava.util.logging.config.file=/Users/gowtham-5630/apache-tomcat-9.0.20/conf/logging.properties
10-Jun-2019 22:27:02.039 INFO [main] org.apache.catalina.startup.VersionLoggerListener.log Command line argument: -Djava.util.logging.manager=org.apache.juli.ClassLoaderLogManager
10-Jun-2019 22:27:02.039 INFO [main] org.apache.catalina.startup.VersionLoggerListener.log Command line argument: -Djdk.tls.ephemeralDHKeySize=2048
10-Jun-2019 22:27:02.039 INFO [main] org.apache.catalina.startup.VersionLoggerListener.log Command line argument: -Djava.protocol.handler.pkgs=org.apache.catalina.webresources
10-Jun-2019 22:27:02.039 INFO [main] org.apache.catalina.startup.VersionLoggerListener.log Command line argument: -Dorg.apache.catalina.security.SecurityListener.UMASK=0027
10-Jun-2019 22:27:02.039 INFO [main] org.apache.catalina.startup.VersionLoggerListener.log Command line argument: -Dignore.endorsed.dirs=
10-Jun-2019 22:27:02.039 INFO [main] org.apache.catalina.startup.VersionLoggerListener.log Command line argument: -Dcatalina.base=/Users/gowtham-5630/apache-tomcat-9.0.20
10-Jun-2019 22:27:02.039 INFO [main] org.apache.catalina.startup.VersionLoggerListener.log Command line argument: -Dcatalina.home=/Users/gowtham-5630/apache-tomcat-9.0.20
10-Jun-2019 22:27:02.039 INFO [main] org.apache.catalina.startup.VersionLoggerListener.log Command line argument: -Djava.io.tmpdir=/Users/gowtham-5630/apache-tomcat-9.0.20/temp
10-Jun-2019 22:27:02.039 INFO [main] org.apache.catalina.core.AprLifecycleListener.lifecycleEvent The APR based Apache Tomcat Native library which allows optimal performance in production environments was not found on the java.library.path: [/Users/gowtham-5630/Library/Java/Extensions:/Library/Java/Extensions:/Network/Library/Java/Extensions:/System/Library/Java/Extensions:/usr/lib/java:.]
10-Jun-2019 22:27:02.285 INFO [main] org.apache.coyote.AbstractProtocol.init Initializing ProtocolHandler ["http-nio-8080"]
10-Jun-2019 22:27:02.318 INFO [main] org.apache.coyote.AbstractProtocol.init Initializing ProtocolHandler ["ajp-nio-8009"]
10-Jun-2019 22:27:02.321 INFO [main] org.apache.catalina.startup.Catalina.load Server initialization in [484] milliseconds
10-Jun-2019 22:27:02.341 INFO [main] org.apache.catalina.core.StandardService.startInternal Starting service [Catalina]
10-Jun-2019 22:27:02.341 INFO [main] org.apache.catalina.core.StandardEngine.startInternal Starting Servlet engine: [Apache Tomcat/9.0.20]
10-Jun-2019 22:27:02.348 INFO [main] org.apache.catalina.startup.HostConfig.deployDirectory Deploying web application directory [/Users/gowtham-5630/apache-tomcat-9.0.20/webapps/docs]
10-Jun-2019 22:27:02.535 INFO [main] org.apache.catalina.startup.HostConfig.deployDirectory Deployment of web application directory [/Users/gowtham-5630/apache-tomcat-9.0.20/webapps/docs] has finished in [188] ms
10-Jun-2019 22:27:02.537 INFO [main] org.apache.catalina.startup.HostConfig.deployDirectory Deploying web application directory [/Users/gowtham-5630/apache-tomcat-9.0.20/webapps/manager]
10-Jun-2019 22:27:02.564 INFO [main] org.apache.catalina.startup.HostConfig.deployDirectory Deployment of web application directory [/Users/gowtham-5630/apache-tomcat-9.0.20/webapps/manager] has finished in [28] ms
10-Jun-2019 22:27:02.564 INFO [main] org.apache.catalina.startup.HostConfig.deployDirectory Deploying web application directory [/Users/gowtham-5630/apache-tomcat-9.0.20/webapps/examples]
10-Jun-2019 22:27:02.764 INFO [main] org.apache.catalina.startup.HostConfig.deployDirectory Deployment of web application directory [/Users/gowtham-5630/apache-tomcat-9.0.20/webapps/examples] has finished in [200] ms
10-Jun-2019 22:27:02.764 INFO [main] org.apache.catalina.startup.HostConfig.deployDirectory Deploying web application directory [/Users/gowtham-5630/apache-tomcat-9.0.20/webapps/ROOT]
10-Jun-2019 22:27:02.776 INFO [main] org.apache.catalina.startup.HostConfig.deployDirectory Deployment of web application directory [/Users/gowtham-5630/apache-tomcat-9.0.20/webapps/ROOT] has finished in [12] ms
10-Jun-2019 22:27:02.777 INFO [main] org.apache.catalina.startup.HostConfig.deployDirectory Deploying web application directory [/Users/gowtham-5630/apache-tomcat-9.0.20/webapps/host-manager]
10-Jun-2019 22:27:02.789 INFO [main] org.apache.catalina.startup.HostConfig.deployDirectory Deployment of web application directory [/Users/gowtham-5630/apache-tomcat-9.0.20/webapps/host-manager] has finished in [13] ms
10-Jun-2019 22:27:02.792 INFO [main] org.apache.coyote.AbstractProtocol.start Starting ProtocolHandler ["http-nio-8080"]
10-Jun-2019 22:27:02.797 INFO [main] org.apache.coyote.AbstractProtocol.start Starting ProtocolHandler ["ajp-nio-8009"]
10-Jun-2019 22:27:02.798 INFO [main] org.apache.catalina.startup.Catalina.start Server startup in [477] milliseconds
10-Jun-2019 22:27:53.317 INFO [Catalina-utility-2] org.apache.catalina.startup.HostConfig.undeploy Undeploying context [/examples]
10-Jun-2019 22:27:53.832 INFO [Catalina-utility-2] org.apache.catalina.startup.HostConfig.undeploy Undeploying context [/host-manager]
10-Jun-2019 22:27:54.349 INFO [Catalina-utility-2] org.apache.catalina.startup.HostConfig.undeploy Undeploying context [/manager]
10-Jun-2019 22:27:54.855 INFO [Catalina-utility-2] org.apache.catalina.startup.HostConfig.undeploy Undeploying context [/docs]
10-Jun-2019 22:28:50.539 INFO [main] org.apache.catalina.core.StandardServer.await A valid shutdown command was received via the shutdown port. Stopping the Server instance.
10-Jun-2019 22:28:50.540 INFO [main] org.apache.coyote.AbstractProtocol.pause Pausing ProtocolHandler ["http-nio-8080"]
10-Jun-2019 22:28:50.548 INFO [main] org.apache.coyote.AbstractProtocol.pause Pausing ProtocolHandler ["ajp-nio-8009"]
10-Jun-2019 22:28:50.554 INFO [main] org.apache.catalina.core.StandardService.stopInternal Stopping service [Catalina]
10-Jun-2019 22:28:50.557 INFO [main] org.apache.coyote.AbstractProtocol.stop Stopping ProtocolHandler ["http-nio-8080"]
10-Jun-2019 22:28:50.560 INFO [main] org.apache.coyote.AbstractProtocol.stop Stopping ProtocolHandler ["ajp-nio-8009"]
10-Jun-2019 22:28:50.560 INFO [main] org.apache.coyote.AbstractProtocol.destroy Destroying ProtocolHandler ["http-nio-8080"]
10-Jun-2019 22:28:50.561 INFO [main] org.apache.coyote.AbstractProtocol.destroy Destroying ProtocolHandler ["ajp-nio-8009"]
10-Jun-2019 22:28:51.408 INFO [main] org.apache.catalina.startup.VersionLoggerListener.log Server version name:   Apache Tomcat/9.0.20
10-Jun-2019 22:28:51.410 INFO [main] org.apache.catalina.startup.VersionLoggerListener.log Server built:          May 3 2019 22:26:00 UTC
10-Jun-2019 22:28:51.410 INFO [main] org.apache.catalina.startup.VersionLoggerListener.log Server version number: 9.0.20.0
10-Jun-2019 22:28:51.410 INFO [main] org.apache.catalina.startup.VersionLoggerListener.log OS Name:               Mac OS X
10-Jun-2019 22:28:51.410 INFO [main] org.apache.catalina.startup.VersionLoggerListener.log OS Version:            10.13.6
10-Jun-2019 22:28:51.410 INFO [main] org.apache.catalina.startup.VersionLoggerListener.log Architecture:          x86_64
10-Jun-2019 22:28:51.410 INFO [main] org.apache.catalina.startup.VersionLoggerListener.log Java Home:             /Library/Java/JavaVirtualMachines/jdk1.8.0_77.jdk/Contents/Home/jre
10-Jun-2019 22:28:51.410 INFO [main] org.apache.catalina.startup.VersionLoggerListener.log JVM Version:           1.8.0_77-b03
10-Jun-2019 22:28:51.411 INFO [main] org.apache.catalina.startup.VersionLoggerListener.log JVM Vendor:            Oracle Corporation
10-Jun-2019 22:28:51.411 INFO [main] org.apache.catalina.startup.VersionLoggerListener.log CATALINA_BASE:         /Users/gowtham-5630/apache-tomcat-9.0.20
10-Jun-2019 22:28:51.411 INFO [main] org.apache.catalina.startup.VersionLoggerListener.log CATALINA_HOME:         /Users/gowtham-5630/apache-tomcat-9.0.20
10-Jun-2019 22:28:51.415 INFO [main] org.apache.catalina.startup.VersionLoggerListener.log Command line argument: -Djava.util.logging.config.file=/Users/gowtham-5630/apache-tomcat-9.0.20/conf/logging.properties
10-Jun-2019 22:28:51.416 INFO [main] org.apache.catalina.startup.VersionLoggerListener.log Command line argument: -Djava.util.logging.manager=org.apache.juli.ClassLoaderLogManager
10-Jun-2019 22:28:51.416 INFO [main] org.apache.catalina.startup.VersionLoggerListener.log Command line argument: -Djdk.tls.ephemeralDHKeySize=2048
10-Jun-2019 22:28:51.416 INFO [main] org.apache.catalina.startup.VersionLoggerListener.log Command line argument: -Djava.protocol.handler.pkgs=org.apache.catalina.webresources
10-Jun-2019 22:28:51.416 INFO [main] org.apache.catalina.startup.VersionLoggerListener.log Command line argument: -Dorg.apache.catalina.security.SecurityListener.UMASK=0027
10-Jun-2019 22:28:51.416 INFO [main] org.apache.catalina.startup.VersionLoggerListener.log Command line argument: -Dignore.endorsed.dirs=
10-Jun-2019 22:28:51.416 INFO [main] org.apache.catalina.startup.VersionLoggerListener.log Command line argument: -Dcatalina.base=/Users/gowtham-5630/apache-tomcat-9.0.20
10-Jun-2019 22:28:51.416 INFO [main] org.apache.catalina.startup.VersionLoggerListener.log Command line argument: -Dcatalina.home=/Users/gowtham-5630/apache-tomcat-9.0.20
10-Jun-2019 22:28:51.416 INFO [main] org.apache.catalina.startup.VersionLoggerListener.log Command line argument: -Djava.io.tmpdir=/Users/gowtham-5630/apache-tomcat-9.0.20/temp
10-Jun-2019 22:28:51.417 INFO [main] org.apache.catalina.core.AprLifecycleListener.lifecycleEvent The APR based Apache Tomcat Native library which allows optimal performance in production environments was not found on the java.library.path: [/Users/gowtham-5630/Library/Java/Extensions:/Library/Java/Extensions:/Network/Library/Java/Extensions:/System/Library/Java/Extensions:/usr/lib/java:.]
10-Jun-2019 22:28:51.663 INFO [main] org.apache.coyote.AbstractProtocol.init Initializing ProtocolHandler ["http-nio-8080"]
10-Jun-2019 22:28:51.690 INFO [main] org.apache.coyote.AbstractProtocol.init Initializing ProtocolHandler ["ajp-nio-8009"]
10-Jun-2019 22:28:51.692 INFO [main] org.apache.catalina.startup.Catalina.load Server initialization in [439] milliseconds
10-Jun-2019 22:28:51.711 INFO [main] org.apache.catalina.core.StandardService.startInternal Starting service [Catalina]
10-Jun-2019 22:28:51.711 INFO [main] org.apache.catalina.core.StandardEngine.startInternal Starting Servlet engine: [Apache Tomcat/9.0.20]
10-Jun-2019 22:28:51.717 INFO [main] org.apache.catalina.startup.HostConfig.deployDirectory Deploying web application directory [/Users/gowtham-5630/apache-tomcat-9.0.20/webapps/ROOT]
10-Jun-2019 22:28:51.896 INFO [main] org.apache.catalina.startup.HostConfig.deployDirectory Deployment of web application directory [/Users/gowtham-5630/apache-tomcat-9.0.20/webapps/ROOT] has finished in [180] ms
10-Jun-2019 22:28:51.899 INFO [main] org.apache.coyote.AbstractProtocol.start Starting ProtocolHandler ["http-nio-8080"]
10-Jun-2019 22:28:51.904 INFO [main] org.apache.coyote.AbstractProtocol.start Starting ProtocolHandler ["ajp-nio-8009"]
10-Jun-2019 22:28:51.906 INFO [main] org.apache.catalina.startup.Catalina.start Server startup in [213] milliseconds
10-Jun-2019 22:47:02.769 INFO [main] org.apache.catalina.core.StandardServer.await A valid shutdown command was received via the shutdown port. Stopping the Server instance.
10-Jun-2019 22:47:02.769 INFO [main] org.apache.coyote.AbstractProtocol.pause Pausing ProtocolHandler ["http-nio-8080"]
10-Jun-2019 22:47:02.778 INFO [main] org.apache.coyote.AbstractProtocol.pause Pausing ProtocolHandler ["ajp-nio-8009"]
10-Jun-2019 22:47:02.785 INFO [main] org.apache.catalina.core.StandardService.stopInternal Stopping service [Catalina]
10-Jun-2019 22:47:02.793 INFO [main] org.apache.coyote.AbstractProtocol.stop Stopping ProtocolHandler ["http-nio-8080"]
10-Jun-2019 22:47:02.795 INFO [main] org.apache.coyote.AbstractProtocol.stop Stopping ProtocolHandler ["ajp-nio-8009"]
10-Jun-2019 22:47:02.796 INFO [main] org.apache.coyote.AbstractProtocol.destroy Destroying ProtocolHandler ["http-nio-8080"]
10-Jun-2019 22:47:02.797 INFO [main] org.apache.coyote.AbstractProtocol.destroy Destroying ProtocolHandler ["ajp-nio-8009"]
